This is pdfTeX, Version 3.14159265-2.6-1.40.17 (TeX Live 2016) (preloaded format=pdflatex 2016.12.16)  16 AUG 2024 09:53
entering extended mode
 restricted \write18 enabled.
 %&-line parsing enabled.
**nfp107-cartons
(./nfp107-cartons.tex
LaTeX2e <2016/03/31>
Babel <3.9r> and hyphenation patterns for 83 language(s) loaded.
! Undefined control sequence.
l.1 \enteteExam
               {NFP 107 -- Systèmes de gestion de bases de données - Duré...

? 
! Interruption.
<to be read again> 
                   {
l.1 \enteteExam{
                NFP 107 -- Systèmes de gestion de bases de données - Duré...

? 
! Emergency stop.
<to be read again> 
                   {
l.1 \enteteExam{
                NFP 107 -- Systèmes de gestion de bases de données - Duré...
End of file on the terminal!

 
Here is how much of TeX's memory you used:
 5 strings out of 493014
 155 string characters out of 6133350
 53601 words of memory out of 5000000
 3648 multiletter control sequences out of 15000+600000
 3640 words of font info for 14 fonts, out of 8000000 for 9000
 1141 hyphenation exceptions out of 8191
 5i,0n,1p,98b,8s stack positions out of 5000i,500n,10000p,200000b,80000s
!  ==> Fatal error occurred, no output PDF file produced!
